<?xml version="1.0" encoding="UTF-8"?>
<!-- Generated by org.testng.reporters.JUnitReportReporter -->
<testsuite skipped="0" hostname="DESKTOP-D12U6BD" name="etsyopenbrowser.openbrowser" tests="1" failures="0" timestamp="2021-04-11T02:23:48 PDT" time="7.128" errors="0">
  <testcase name="openbrowseretsy" time="7.128" classname="etsyopenbrowser.openbrowser"/>
  <system-out/>
</testsuite> <!-- etsyopenbrowser.openbrowser -->
